<?xml version="1.0" encoding="UTF-8"?>
<!-- Generated by org.testng.reporters.JUnitReportReporter -->
<testsuite skipped="0" hostname="BANWOR515" name="test.automation.loginToBuy.loginToApplication" tests="1" failures="0" timestamp="30 Jul 2020 12:59:22 GMT" time="24.799" errors="0">
  <testcase name="VerifyShoppingSite" time="24.799" classname="test.automation.loginToBuy.loginToApplication"/>
</testsuite> <!-- test.automation.loginToBuy.loginToApplication -->
